<?xml version="1.0" encoding="utf-8"?><testsuites><testsuite name="pytest" errors="0" failures="0" skipped="0" tests="55" time="1.780" timestamp="2022-01-14T14:09:11.702166" hostname="LAPTOP-LBJ5M68S"><testcase classname="tests.test_models" name="test_new_user" time="0.005" /><testcase classname="tests.test_models" name="test_new_user_with_fixture" time="0.002" /><testcase classname="tests.test_models" name="test_user_id" time="0.001" /><testcase classname="tests.test_models" name="test_new_client" time="0.002" /><testcase classname="tests.test_models" name="test_new_product" time="0.002" /><testcase classname="tests.test_models" name="test_new_product_request" time="0.001" /><testcase classname="tests.test_models" name="test_new_product_in_order" time="0.002" /><testcase classname="tests.test_models" name="test_new_product_in_basket" time="0.002" /><testcase classname="tests.test_models" name="test_new_order" time="0.002" /><testcase classname="tests.test_routes" name="test_home_page" time="0.176" /><testcase classname="tests.test_routes" name="test_home_page_post" time="0.002" /><testcase classname="tests.test_routes" name="test_home_page_logged_as_employee" time="0.018" /><testcase classname="tests.test_routes" name="test_home_page_logged_as_farmer" time="0.014" /><testcase classname="tests.test_routes" name="test_home_page_logged_as_client" time="0.013" /><testcase classname="tests.test_routes" name="test_home_page_logged_as_warehouse_employee" time="0.013" /><testcase classname="tests.test_routes" name="test_home_page_logged_as_warehouse_manager" time="0.012" /><testcase classname="tests.test_routes" name="test_products_page" time="0.011" /><testcase classname="tests.test_routes" name="test_products_page_search" time="0.006" /><testcase classname="tests.test_routes" name="test_single_product_page_logged" time="0.052" /><testcase classname="tests.test_routes" name="test_single_product_page_post" time="0.022" /><testcase classname="tests.test_routes" name="test_manage_clients_page_logged_employee" time="0.012" /><testcase classname="tests.test_routes" name="test_manage_clients_page_not_logged" time="0.008" /><testcase classname="tests.test_routes" name="test_manage_clients_page_unauthorized_logged" time="0.014" /><testcase classname="tests.test_routes" name="test_insert_clients_page_logged_employee" time="0.015" /><testcase classname="tests.test_routes" name="test_insert_clients_page_post_logged_employee" time="0.030" /><testcase classname="tests.test_routes" name="test_topup_page_logged_employee" time="0.014" /><testcase classname="tests.test_routes" name="test_topup_page_unauthorized_logged" time="0.014" /><testcase classname="tests.test_routes" name="test_topup_page_search_post_logged_employee" time="0.034" /><testcase classname="tests.test_routes" name="test_topup_page_wallet_post_logged_employee" time="0.352" /><testcase classname="tests.test_routes" name="test_shop_orders_page_logged_employee" time="0.041" /><testcase classname="tests.test_routes" name="test_shop_orders_page_unauthorized_logged" time="0.013" /><testcase classname="tests.test_routes" name="test_update_status_logged_employee" time="0.022" /><testcase classname="tests.test_routes" name="test_update_status_unauthorized_logged" time="0.019" /><testcase classname="tests.test_routes" name="test_manage_products_page_logged_farmer" time="0.010" /><testcase classname="tests.test_routes" name="test_manage_products_page_unauthorized_logged" time="0.014" /><testcase classname="tests.test_routes" name="test_manage_products_post_new_logged_farmer" time="0.009" /><testcase classname="tests.test_routes" name="test_manage_products_post_edit_logged_farmer" time="0.009" /><testcase classname="tests.test_routes" name="test_farmer_orders_page_logged_farmer" time="0.025" /><testcase classname="tests.test_routes" name="test_farmer_orders_page_unauthorized_logged" time="0.012" /><testcase classname="tests.test_routes" name="test_client_orders_page_logged_client" time="0.023" /><testcase classname="tests.test_routes" name="test_shopping_cart_page_client" time="0.024" /><testcase classname="tests.test_routes" name="test_shopping_cart_page_unauthorized_logged" time="0.011" /><testcase classname="tests.test_routes" name="test_shopping_cart_post_client" time="0.033" /><testcase classname="tests.test_routes" name="test_update_quantity_delete_post_client" time="0.018" /><testcase classname="tests.test_routes" name="test_update_shipping_home_post_client" time="0.013" /><testcase classname="tests.test_routes" name="test_update_shipping_address_post_client" time="0.016" /><testcase classname="tests.test_routes" name="test_client_orders_page_unauthorized_logged" time="0.014" /><testcase classname="tests.test_routes" name="test_manager_orders_page_logged_manager" time="0.019" /><testcase classname="tests.test_routes" name="test_manager_orders_page_unauthorized_logged" time="0.043" /><testcase classname="tests.test_users" name="test_login_page" time="0.097" /><testcase classname="tests.test_users" name="test_signup_page" time="0.007" /><testcase classname="tests.test_users" name="test_valid_login_logout" time="0.012" /><testcase classname="tests.test_users" name="test_invalid_login" time="0.005" /><testcase classname="tests.test_users" name="test_valid_signup" time="0.008" /><testcase classname="tests.test_users" name="test_invalid_signup" time="0.023" /></testsuite></testsuites>